<?xml version="1.0" encoding="UTF-8"?>
<testng-results ignored="0" total="2" passed="2" failed="0" skipped="0">
  <reporter-output>
  </reporter-output>
  <suite started-at="2022-03-03T15:37:01 IST" name="Suite" finished-at="2022-03-03T15:38:01 IST" duration-ms="60113">
    <groups>
    </groups>
    <test started-at="2022-03-03T15:37:01 IST" name="FirefoxTest" finished-at="2022-03-03T15:37:59 IST" duration-ms="57556">
      <class name="Test.pack.testclass">
        <test-method is-config="true" signature="LaunchBrowser(java.lang.String)[pri:0, instance:Test.pack.testclass@121314f7]" started-at="2022-03-03T15:37:01 IST" name="LaunchBrowser" finished-at="2022-03-03T15:37:27 IST" duration-ms="25970" status="PASS">
          <params>
            <param index="0">
              <value>
                <![CDATA[firefox]]>
              </value>
            </param>
          </params>
          <reporter-output>
          </reporter-output>
        </test-method> <!-- LaunchBrowser -->
        <test-method is-config="true" signature="Createobject()[pri:0, instance:Test.pack.testclass@121314f7]" started-at="2022-03-03T15:37:27 IST" name="Createobject" finished-at="2022-03-03T15:37:27 IST" duration-ms="1" status="PASS">
          <reporter-output>
          </reporter-output>
        </test-method> <!-- Createobject -->
        <test-method is-config="true" signature="CreateNewAccount()[pri:0, instance:Test.pack.testclass@121314f7]" started-at="2022-03-03T15:37:27 IST" name="CreateNewAccount" finished-at="2022-03-03T15:37:50 IST" duration-ms="22601" status="PASS">
          <reporter-output>
          </reporter-output>
        </test-method> <!-- CreateNewAccount -->
        <test-method signature="HomepageUrl()[pri:0, instance:Test.pack.testclass@121314f7]" started-at="2022-03-03T15:37:50 IST" name="HomepageUrl" finished-at="2022-03-03T15:37:51 IST" duration-ms="1591" status="PASS">
          <reporter-output>
          </reporter-output>
        </test-method> <!-- HomepageUrl -->
        <test-method is-config="true" signature="logoutAccount(org.testng.ITestResult)[pri:0, instance:Test.pack.testclass@121314f7]" started-at="2022-03-03T15:37:51 IST" name="logoutAccount" finished-at="2022-03-03T15:37:51 IST" duration-ms="4" status="PASS">
          <params>
            <param index="0">
              <value>
                <![CDATA[[TestResult name=HomepageUrl status=SUCCESS method=testclass.HomepageUrl()[pri:0, instance:Test.pack.testclass@121314f7] output={null}]]]>
              </value>
            </param>
          </params>
          <reporter-output>
          </reporter-output>
        </test-method> <!-- logoutAccount -->
        <test-method is-config="true" signature="clearObjects()[pri:0, instance:Test.pack.testclass@121314f7]" started-at="2022-03-03T15:37:51 IST" name="clearObjects" finished-at="2022-03-03T15:37:51 IST" duration-ms="2" status="PASS">
          <reporter-output>
          </reporter-output>
        </test-method> <!-- clearObjects -->
        <test-method is-config="true" signature="closedBrowser()[pri:0, instance:Test.pack.testclass@121314f7]" started-at="2022-03-03T15:37:51 IST" name="closedBrowser" finished-at="2022-03-03T15:37:59 IST" duration-ms="7235" status="PASS">
          <reporter-output>
          </reporter-output>
        </test-method> <!-- closedBrowser -->
      </class> <!-- Test.pack.testclass -->
    </test> <!-- FirefoxTest -->
    <test started-at="2022-03-03T15:37:01 IST" name="ChromeTest" finished-at="2022-03-03T15:38:01 IST" duration-ms="60113">
      <class name="Test.pack.testclass">
        <test-method is-config="true" signature="LaunchBrowser(java.lang.String)[pri:0, instance:Test.pack.testclass@4803b726]" started-at="2022-03-03T15:37:01 IST" name="LaunchBrowser" finished-at="2022-03-03T15:37:22 IST" duration-ms="20953" status="PASS">
          <params>
            <param index="0">
              <value>
                <![CDATA[chrome]]>
              </value>
            </param>
          </params>
          <reporter-output>
          </reporter-output>
        </test-method> <!-- LaunchBrowser -->
        <test-method is-config="true" signature="Createobject()[pri:0, instance:Test.pack.testclass@4803b726]" started-at="2022-03-03T15:37:22 IST" name="Createobject" finished-at="2022-03-03T15:37:22 IST" duration-ms="114" status="PASS">
          <reporter-output>
          </reporter-output>
        </test-method> <!-- Createobject -->
        <test-method is-config="true" signature="CreateNewAccount()[pri:0, instance:Test.pack.testclass@4803b726]" started-at="2022-03-03T15:37:22 IST" name="CreateNewAccount" finished-at="2022-03-03T15:37:55 IST" duration-ms="32992" status="PASS">
          <reporter-output>
          </reporter-output>
        </test-method> <!-- CreateNewAccount -->
        <test-method signature="HomepageUrl()[pri:0, instance:Test.pack.testclass@4803b726]" started-at="2022-03-03T15:37:55 IST" name="HomepageUrl" finished-at="2022-03-03T15:37:56 IST" duration-ms="892" status="PASS">
          <reporter-output>
          </reporter-output>
        </test-method> <!-- HomepageUrl -->
        <test-method is-config="true" signature="logoutAccount(org.testng.ITestResult)[pri:0, instance:Test.pack.testclass@4803b726]" started-at="2022-03-03T15:37:56 IST" name="logoutAccount" finished-at="2022-03-03T15:37:56 IST" duration-ms="3" status="PASS">
          <params>
            <param index="0">
              <value>
                <![CDATA[[TestResult name=HomepageUrl status=SUCCESS method=testclass.HomepageUrl()[pri:0, instance:Test.pack.testclass@4803b726] output={null}]]]>
              </value>
            </param>
          </params>
          <reporter-output>
          </reporter-output>
        </test-method> <!-- logoutAccount -->
        <test-method is-config="true" signature="clearObjects()[pri:0, instance:Test.pack.testclass@4803b726]" started-at="2022-03-03T15:37:56 IST" name="clearObjects" finished-at="2022-03-03T15:37:56 IST" duration-ms="1" status="PASS">
          <reporter-output>
          </reporter-output>
        </test-method> <!-- clearObjects -->
        <test-method is-config="true" signature="closedBrowser()[pri:0, instance:Test.pack.testclass@4803b726]" started-at="2022-03-03T15:37:56 IST" name="closedBrowser" finished-at="2022-03-03T15:38:01 IST" duration-ms="4843" status="PASS">
          <reporter-output>
          </reporter-output>
        </test-method> <!-- closedBrowser -->
      </class> <!-- Test.pack.testclass -->
    </test> <!-- ChromeTest -->
  </suite> <!-- Suite -->
</testng-results>
